<?xml version="1.0" encoding="UTF-8"?>
<!-- Generated by org.testng.reporters.JUnitReportReporter -->
<testsuite skipped="0" hostname="Vijay-PC" name="testScripts.TC_001" tests="1" failures="0" timestamp="15 Jun 2018 10:19:23 GMT" time="11.093" errors="0">
  <testcase name="testcase1" time="11.093" classname="testScripts.TC_001"/>
</testsuite> <!-- testScripts.TC_001 -->
